[2026-06-19 18:38:25] INFO: MongoDB connected: localhost
[2026-06-19 18:38:25] INFO: Server is running in http://localhost:3000
[2026-06-19 18:38:33] INFO: MongoDB connected: localhost
[2026-06-19 18:38:33] INFO: Server is running in http://localhost:3000
[2026-06-19 18:38:44] INFO: MongoDB connected: localhost
[2026-06-19 18:38:44] INFO: Server is running in http://localhost:3000
[2026-06-19 19:56:14] INFO: MongoDB connected: localhost
[2026-06-19 19:56:14] INFO: Server is running in http://localhost:3000
[2026-06-19 19:56:22] INFO: MongoDB connected: localhost
[2026-06-19 19:56:22] INFO: Server is running in http://localhost:3000
[2026-06-19 20:17:21] INFO: MongoDB connected: localhost
[2026-06-19 20:17:21] INFO: Server is running in http://localhost:3000
[2026-06-19 20:17:28] INFO: MongoDB connected: localhost
[2026-06-19 20:17:28] INFO: Server is running in http://localhost:3000
[2026-06-19 20:17:57] INFO: MongoDB connected: localhost
[2026-06-19 20:17:57] INFO: Server is running in http://localhost:3000
[2026-06-19 20:17:58] INFO: MongoDB connected: localhost
[2026-06-19 20:17:58] INFO: Server is running in http://localhost:3000
[2026-06-19 20:19:26] INFO: MongoDB connected: localhost
[2026-06-19 20:19:26] INFO: Server is running in http://localhost:3000
[2026-06-19 20:19:27] INFO: MongoDB connected: localhost
[2026-06-19 20:19:27] INFO: Server is running in http://localhost:3000
[2026-06-19 20:19:51] INFO: MongoDB connected: localhost
[2026-06-19 20:19:51] INFO: Server is running in http://localhost:3000
[2026-06-19 20:19:56] INFO: MongoDB connected: localhost
[2026-06-19 20:19:56] INFO: Server is running in http://localhost:3000
[2026-06-19 20:20:00] INFO: MongoDB connected: localhost
[2026-06-19 20:20:00] INFO: Server is running in http://localhost:3000
[2026-06-19 20:20:02] INFO: MongoDB connected: localhost
[2026-06-19 20:20:02] INFO: Server is running in http://localhost:3000
[2026-06-19 20:20:05] INFO: MongoDB connected: localhost
[2026-06-19 20:20:05] INFO: Server is running in http://localhost:3000
[2026-06-19 20:20:07] INFO: MongoDB connected: localhost
[2026-06-19 20:20:07] INFO: Server is running in http://localhost:3000
[2026-06-19 20:20:17] INFO: MongoDB connected: localhost
[2026-06-19 20:20:17] INFO: Server is running in http://localhost:3000
[2026-06-19 20:20:22] INFO: MongoDB connected: localhost
[2026-06-19 20:20:22] INFO: Server is running in http://localhost:3000
[2026-06-19 20:20:25] INFO: MongoDB connected: localhost
[2026-06-19 20:20:25] INFO: Server is running in http://localhost:3000
[2026-06-19 20:20:40] INFO: MongoDB connected: localhost
[2026-06-19 20:20:40] INFO: Server is running in http://localhost:3000
[2026-06-19 20:26:43] INFO: MongoDB connected: localhost
[2026-06-19 20:26:43] INFO: Server is running in http://localhost:3000
[2026-06-19 20:27:05] INFO: MongoDB connected: localhost
[2026-06-19 20:27:05] INFO: Server is running in http://localhost:3000
[2026-06-19 20:31:27] INFO: MongoDB connected: localhost
[2026-06-19 20:31:27] INFO: Server is running in http://localhost:3000
[2026-06-19 20:31:30] INFO: MongoDB connected: localhost
[2026-06-19 20:31:30] INFO: Server is running in http://localhost:3000
[2026-06-19 20:31:34] INFO: MongoDB connected: localhost
[2026-06-19 20:31:34] INFO: Server is running in http://localhost:3000
[2026-06-19 20:31:42] INFO: MongoDB connected: localhost
[2026-06-19 20:31:42] INFO: Server is running in http://localhost:3000
[2026-06-19 20:34:55] INFO: MongoDB connected: localhost
[2026-06-19 20:34:55] INFO: Server is running in http://localhost:3000
[2026-06-19 20:34:58] INFO: MongoDB connected: localhost
[2026-06-19 20:34:58] INFO: Server is running in http://localhost:3000
[2026-06-19 20:36:39] INFO: MongoDB connected: localhost
[2026-06-19 20:36:39] INFO: Server is running in http://localhost:3000
[2026-06-19 20:36:42] INFO: MongoDB connected: localhost
[2026-06-19 20:36:42] INFO: Server is running in http://localhost:3000
[2026-06-19 20:36:50] INFO: MongoDB connected: localhost
[2026-06-19 20:36:50] INFO: Server is running in http://localhost:3000
[2026-06-19 20:38:00] INFO: MongoDB connected: localhost
[2026-06-19 20:38:00] INFO: Server is running in http://localhost:3000
[2026-06-19 20:38:09] INFO: MongoDB connected: localhost
[2026-06-19 20:38:09] INFO: Server is running in http://localhost:3000
[2026-06-19 20:38:24] INFO: MongoDB connected: localhost
[2026-06-19 20:38:24] INFO: Server is running in http://localhost:3000
[2026-06-19 20:38:27] INFO: MongoDB connected: localhost
[2026-06-19 20:38:27] INFO: Server is running in http://localhost:3000
[2026-06-19 20:51:20] INFO: MongoDB connected: localhost
[2026-06-19 20:51:20] INFO: Server is running in http://localhost:3000
[2026-06-19 20:51:23] INFO: MongoDB connected: localhost
[2026-06-19 20:51:23] INFO: Server is running in http://localhost:3000
[2026-06-19 20:51:25] INFO: MongoDB connected: localhost
[2026-06-19 20:51:25] INFO: Server is running in http://localhost:3000
[2026-06-19 20:51:28] INFO: MongoDB connected: localhost
[2026-06-19 20:51:28] INFO: Server is running in http://localhost:3000
[2026-06-19 20:51:29] INFO: MongoDB connected: localhost
[2026-06-19 20:51:29] INFO: Server is running in http://localhost:3000
[2026-06-19 20:51:33] INFO: MongoDB connected: localhost
[2026-06-19 20:51:33] INFO: Server is running in http://localhost:3000
[2026-06-19 20:52:07] INFO: MongoDB connected: localhost
[2026-06-19 20:52:07] INFO: Server is running in http://localhost:3000
[2026-06-19 20:52:09] INFO: MongoDB connected: localhost
[2026-06-19 20:52:09] INFO: Server is running in http://localhost:3000
[2026-06-19 20:52:12] INFO: MongoDB connected: localhost
[2026-06-19 20:52:12] INFO: Server is running in http://localhost:3000
[2026-06-19 20:52:16] INFO: MongoDB connected: localhost
[2026-06-19 20:52:16] INFO: Server is running in http://localhost:3000
[2026-06-19 20:52:33] INFO: MongoDB connected: localhost
[2026-06-19 20:52:33] INFO: Server is running in http://localhost:3000
[2026-06-19 20:52:57] INFO: MongoDB connected: localhost
[2026-06-19 20:52:57] INFO: Server is running in http://localhost:3000
[2026-06-19 20:53:09] INFO: MongoDB connected: localhost
[2026-06-19 20:53:09] INFO: Server is running in http://localhost:3000
[2026-06-19 20:53:26] INFO: MongoDB connected: localhost
[2026-06-19 20:53:26] INFO: Server is running in http://localhost:3000
[2026-06-19 20:53:37] INFO: MongoDB connected: localhost
[2026-06-19 20:53:37] INFO: Server is running in http://localhost:3000
[2026-06-19 20:53:39] INFO: MongoDB connected: localhost
[2026-06-19 20:53:39] INFO: Server is running in http://localhost:3000
[2026-06-19 20:53:40] INFO: MongoDB connected: localhost
[2026-06-19 20:53:40] INFO: Server is running in http://localhost:3000
[2026-06-19 20:53:44] INFO: MongoDB connected: localhost
[2026-06-19 20:53:44] INFO: Server is running in http://localhost:3000
[2026-06-19 20:53:47] INFO: MongoDB connected: localhost
[2026-06-19 20:53:47] INFO: Server is running in http://localhost:3000
[2026-06-19 20:54:14] INFO: MongoDB connected: localhost
[2026-06-19 20:54:14] INFO: Server is running in http://localhost:3000
[2026-06-19 20:54:17] INFO: MongoDB connected: localhost
[2026-06-19 20:54:17] INFO: Server is running in http://localhost:3000
[2026-06-19 20:54:31] INFO: MongoDB connected: localhost
[2026-06-19 20:54:31] INFO: Server is running in http://localhost:3000
[2026-06-19 21:08:01] INFO: MongoDB connected: localhost
[2026-06-19 21:08:01] INFO: Server is running in http://localhost:3000
[2026-06-19 21:08:17] INFO: MongoDB connected: localhost
[2026-06-19 21:08:17] INFO: Server is running in http://localhost:3000
[2026-06-19 21:09:18] INFO: MongoDB connected: localhost
[2026-06-19 21:09:18] INFO: Server is running in http://localhost:3000
[2026-06-19 21:09:36] INFO: MongoDB connected: localhost
[2026-06-19 21:09:36] INFO: Server is running in http://localhost:3000
[2026-06-19 21:09:37] INFO: MongoDB connected: localhost
[2026-06-19 21:09:37] INFO: Server is running in http://localhost:3000
[2026-06-19 21:16:41] INFO: MongoDB connected: localhost
[2026-06-19 21:16:41] INFO: Server is running in http://localhost:3000
[2026-06-19 21:16:51] INFO: MongoDB connected: localhost
[2026-06-19 21:16:51] INFO: Server is running in http://localhost:3000
[2026-06-19 23:26:27] INFO: MongoDB connected: localhost
[2026-06-19 23:26:27] INFO: Server is running in http://localhost:3000
[2026-06-19 23:26:29] HTTP: ::1 - - [19/Jun/2026:19:56:29 +0000] "POST /api/v1/collage-requests HTTP/1.1" 200 19 "-" "PostmanRuntime/7.54.0"
[2026-06-19 23:44:30] HTTP: ::1 - - [19/Jun/2026:20:14:30 +0000] "POST /api/v1/collage-requests HTTP/1.1" 200 19 "-" "PostmanRuntime/7.54.0"
[2026-06-19 23:46:33] INFO: MongoDB connected: localhost
[2026-06-19 23:46:33] INFO: Server is running in http://localhost:3000
[2026-06-19 23:46:36] HTTP: ::1 - - [19/Jun/2026:20:16:36 +0000] "POST /api/v1/collage-requests HTTP/1.1" 200 320 "-" "PostmanRuntime/7.54.0"
[2026-06-19 23:47:02] HTTP: ::1 - - [19/Jun/2026:20:17:02 +0000] "POST /api/v1/collage-requests HTTP/1.1" 200 320 "-" "PostmanRuntime/7.54.0"
[2026-06-19 23:47:02] HTTP: ::1 - - [19/Jun/2026:20:17:02 +0000] "POST /api/v1/collage-requests HTTP/1.1" 200 320 "-" "PostmanRuntime/7.54.0"
[2026-06-19 23:47:05] HTTP: ::1 - - [19/Jun/2026:20:17:05 +0000] "POST /api/v1/collage-requests HTTP/1.1" 200 320 "-" "PostmanRuntime/7.54.0"
[2026-06-19 23:47:08] HTTP: ::1 - - [19/Jun/2026:20:17:08 +0000] "POST /api/v1/collage-requests HTTP/1.1" 200 320 "-" "PostmanRuntime/7.54.0"
[2026-06-19 23:47:16] HTTP: ::1 - - [19/Jun/2026:20:17:16 +0000] "POST /api/v1/collage-requests HTTP/1.1" 200 223 "-" "PostmanRuntime/7.54.0"
[2026-06-19 23:47:19] HTTP: ::1 - - [19/Jun/2026:20:17:19 +0000] "POST /api/v1/collage-requests HTTP/1.1" 200 320 "-" "PostmanRuntime/7.54.0"
[2026-06-19 23:47:22] HTTP: ::1 - - [19/Jun/2026:20:17:22 +0000] "POST /api/v1/collage-requests HTTP/1.1" 200 320 "-" "PostmanRuntime/7.54.0"
[2026-06-19 23:48:54] INFO: MongoDB connected: localhost
[2026-06-19 23:48:54] INFO: Server is running in http://localhost:3000
[2026-06-19 23:52:32] HTTP: ::1 - - [19/Jun/2026:20:22:32 +0000] "POST /api/v1/collage-requests HTTP/1.1" 201 209 "-" "PostmanRuntime/7.54.0"
[2026-06-19 23:52:46] HTTP: ::1 - - [19/Jun/2026:20:22:46 +0000] "POST /api/v1/collage-requests HTTP/1.1" 400 54 "-" "PostmanRuntime/7.54.0"
[2026-06-19 23:52:49] HTTP: ::1 - - [19/Jun/2026:20:22:49 +0000] "POST /api/v1/collage-requests HTTP/1.1" 400 54 "-" "PostmanRuntime/7.54.0"
[2026-06-19 23:53:30] HTTP: ::1 - - [19/Jun/2026:20:23:30 +0000] "POST /api/v1/collage-requests HTTP/1.1" 201 209 "-" "PostmanRuntime/7.54.0"
[2026-06-20 00:32:50] INFO: MongoDB connected: localhost
[2026-06-20 00:32:50] INFO: Server is running in http://localhost:3000
[2026-06-20 00:32:51] ERROR: Unexpected field
MulterError: Unexpected field
    at wrappedFileFilter (D:\WorkSpace\NodeJs\collage-generator\node_modules\multer\index.js:41:19)
    at Multipart.<anonymous> (D:\WorkSpace\NodeJs\collage-generator\node_modules\multer\lib\make-middleware.js:193:7)
    at Multipart.emit (node:events:519:28)
    at HeaderParser.cb (D:\WorkSpace\NodeJs\collage-generator\node_modules\busboy\lib\types\multipart.js:358:14)
    at HeaderParser.push (D:\WorkSpace\NodeJs\collage-generator\node_modules\busboy\lib\types\multipart.js:162:20)
    at SBMH.ssCb [as _cb] (D:\WorkSpace\NodeJs\collage-generator\node_modules\busboy\lib\types\multipart.js:394:37)
    at feed (D:\WorkSpace\NodeJs\collage-generator\node_modules\streamsearch\lib\sbmh.js:219:14)
    at SBMH.push (D:\WorkSpace\NodeJs\collage-generator\node_modules\streamsearch\lib\sbmh.js:104:16)
    at Multipart._write (D:\WorkSpace\NodeJs\collage-generator\node_modules\busboy\lib\types\multipart.js:567:19)
    at writeOrBuffer (node:internal/streams/writable:572:12)
[2026-06-20 00:32:51] HTTP: ::1 - - [19/Jun/2026:21:02:51 +0000] "POST /api/v1/collage-requests HTTP/1.1" 500 51 "-" "PostmanRuntime/7.54.0"
[2026-06-20 00:32:53] ERROR: Unexpected field
MulterError: Unexpected field
    at wrappedFileFilter (D:\WorkSpace\NodeJs\collage-generator\node_modules\multer\index.js:41:19)
    at Multipart.<anonymous> (D:\WorkSpace\NodeJs\collage-generator\node_modules\multer\lib\make-middleware.js:193:7)
    at Multipart.emit (node:events:519:28)
    at HeaderParser.cb (D:\WorkSpace\NodeJs\collage-generator\node_modules\busboy\lib\types\multipart.js:358:14)
    at HeaderParser.push (D:\WorkSpace\NodeJs\collage-generator\node_modules\busboy\lib\types\multipart.js:162:20)
    at SBMH.ssCb [as _cb] (D:\WorkSpace\NodeJs\collage-generator\node_modules\busboy\lib\types\multipart.js:394:37)
    at feed (D:\WorkSpace\NodeJs\collage-generator\node_modules\streamsearch\lib\sbmh.js:219:14)
    at SBMH.push (D:\WorkSpace\NodeJs\collage-generator\node_modules\streamsearch\lib\sbmh.js:104:16)
    at Multipart._write (D:\WorkSpace\NodeJs\collage-generator\node_modules\busboy\lib\types\multipart.js:567:19)
    at writeOrBuffer (node:internal/streams/writable:572:12)
[2026-06-20 00:32:53] HTTP: ::1 - - [19/Jun/2026:21:02:53 +0000] "POST /api/v1/collage-requests HTTP/1.1" 500 51 "-" "PostmanRuntime/7.54.0"
[2026-06-20 00:32:55] HTTP: ::1 - - [19/Jun/2026:21:02:55 +0000] "POST /api/v1/collage-requests HTTP/1.1" 201 209 "-" "PostmanRuntime/7.54.0"
[2026-06-20 00:34:13] INFO: MongoDB connected: localhost
[2026-06-20 00:34:13] INFO: Server is running in http://localhost:3000
[2026-06-20 00:34:15] INFO: MongoDB connected: localhost
[2026-06-20 00:34:15] INFO: Server is running in http://localhost:3000
[2026-06-20 00:34:22] INFO: MongoDB connected: localhost
[2026-06-20 00:34:22] INFO: Server is running in http://localhost:3000
[2026-06-20 00:34:46] INFO: MongoDB connected: localhost
[2026-06-20 00:34:46] INFO: Server is running in http://localhost:3000
[2026-06-20 00:34:53] INFO: MongoDB connected: localhost
[2026-06-20 00:34:53] INFO: Server is running in http://localhost:3000
[2026-06-20 00:35:09] ERROR: Unexpected field
MulterError: Unexpected field
    at wrappedFileFilter (D:\WorkSpace\NodeJs\collage-generator\node_modules\multer\index.js:41:19)
    at Multipart.<anonymous> (D:\WorkSpace\NodeJs\collage-generator\node_modules\multer\lib\make-middleware.js:193:7)
    at Multipart.emit (node:events:519:28)
    at HeaderParser.cb (D:\WorkSpace\NodeJs\collage-generator\node_modules\busboy\lib\types\multipart.js:358:14)
    at HeaderParser.push (D:\WorkSpace\NodeJs\collage-generator\node_modules\busboy\lib\types\multipart.js:162:20)
    at SBMH.ssCb [as _cb] (D:\WorkSpace\NodeJs\collage-generator\node_modules\busboy\lib\types\multipart.js:394:37)
    at feed (D:\WorkSpace\NodeJs\collage-generator\node_modules\streamsearch\lib\sbmh.js:219:14)
    at SBMH.push (D:\WorkSpace\NodeJs\collage-generator\node_modules\streamsearch\lib\sbmh.js:104:16)
    at Multipart._write (D:\WorkSpace\NodeJs\collage-generator\node_modules\busboy\lib\types\multipart.js:567:19)
    at writeOrBuffer (node:internal/streams/writable:572:12)
[2026-06-20 00:35:09] HTTP: ::1 - - [19/Jun/2026:21:05:09 +0000] "POST /api/v1/collage-requests HTTP/1.1" 500 51 "-" "PostmanRuntime/7.54.0"
[2026-06-20 00:35:10] ERROR: Unexpected field
MulterError: Unexpected field
    at wrappedFileFilter (D:\WorkSpace\NodeJs\collage-generator\node_modules\multer\index.js:41:19)
    at Multipart.<anonymous> (D:\WorkSpace\NodeJs\collage-generator\node_modules\multer\lib\make-middleware.js:193:7)
    at Multipart.emit (node:events:519:28)
    at HeaderParser.cb (D:\WorkSpace\NodeJs\collage-generator\node_modules\busboy\lib\types\multipart.js:358:14)
    at HeaderParser.push (D:\WorkSpace\NodeJs\collage-generator\node_modules\busboy\lib\types\multipart.js:162:20)
    at SBMH.ssCb [as _cb] (D:\WorkSpace\NodeJs\collage-generator\node_modules\busboy\lib\types\multipart.js:394:37)
    at feed (D:\WorkSpace\NodeJs\collage-generator\node_modules\streamsearch\lib\sbmh.js:219:14)
    at SBMH.push (D:\WorkSpace\NodeJs\collage-generator\node_modules\streamsearch\lib\sbmh.js:104:16)
    at Multipart._write (D:\WorkSpace\NodeJs\collage-generator\node_modules\busboy\lib\types\multipart.js:567:19)
    at writeOrBuffer (node:internal/streams/writable:572:12)
[2026-06-20 00:35:10] HTTP: ::1 - - [19/Jun/2026:21:05:10 +0000] "POST /api/v1/collage-requests HTTP/1.1" 500 51 "-" "PostmanRuntime/7.54.0"
[2026-06-20 00:35:13] HTTP: ::1 - - [19/Jun/2026:21:05:13 +0000] "POST /api/v1/collage-requests HTTP/1.1" 400 54 "-" "PostmanRuntime/7.54.0"
[2026-06-20 00:35:38] HTTP: ::1 - - [19/Jun/2026:21:05:38 +0000] "POST /api/v1/collage-requests HTTP/1.1" 400 54 "-" "PostmanRuntime/7.54.0"
[2026-06-20 00:36:44] INFO: MongoDB connected: localhost
[2026-06-20 00:36:44] INFO: Server is running in http://localhost:3000
[2026-06-20 00:39:21] INFO: MongoDB connected: localhost
[2026-06-20 00:39:21] INFO: Server is running in http://localhost:3000
[2026-06-20 00:39:45] HTTP: ::1 - - [19/Jun/2026:21:09:45 +0000] "POST /api/v1/collage-requests HTTP/1.1" 201 700 "-" "PostmanRuntime/7.54.0"
[2026-06-20 00:40:19] HTTP: ::1 - - [19/Jun/2026:21:10:19 +0000] "POST /api/v1/collage-requests HTTP/1.1" 201 372 "-" "PostmanRuntime/7.54.0"
[2026-06-20 00:40:50] INFO: MongoDB connected: localhost
[2026-06-20 00:40:50] INFO: Server is running in http://localhost:3000
[2026-06-20 00:41:00] HTTP: ::1 - - [19/Jun/2026:21:11:00 +0000] "POST /api/v1/collage-requests HTTP/1.1" 201 700 "-" "PostmanRuntime/7.54.0"
[2026-06-20 00:42:46] HTTP: ::1 - - [19/Jun/2026:21:12:46 +0000] "POST /api/v1/collage-requests HTTP/1.1" 201 602 "-" "PostmanRuntime/7.54.0"
[2026-06-20 00:43:30] HTTP: ::1 - - [19/Jun/2026:21:13:30 +0000] "POST /api/v1/collage-requests HTTP/1.1" 201 602 "-" "PostmanRuntime/7.54.0"
[2026-06-20 00:44:02] HTTP: ::1 - - [19/Jun/2026:21:14:02 +0000] "POST /api/v1/collage-requests HTTP/1.1" 201 542 "-" "PostmanRuntime/7.54.0"
[2026-06-20 00:45:14] HTTP: ::1 - - [19/Jun/2026:21:15:14 +0000] "POST /api/v1/collage-requests HTTP/1.1" 201 550 "-" "PostmanRuntime/7.54.0"
[2026-06-20 00:46:56] HTTP: ::1 - - [19/Jun/2026:21:16:56 +0000] "POST /api/v1/collage-requests HTTP/1.1" 201 550 "-" "PostmanRuntime/7.54.0"
[2026-06-20 00:47:15] HTTP: ::1 - - [19/Jun/2026:21:17:15 +0000] "POST /api/v1/collage-requests HTTP/1.1" 201 602 "-" "PostmanRuntime/7.54.0"
[2026-06-20 00:47:32] HTTP: ::1 - - [19/Jun/2026:21:17:32 +0000] "POST /api/v1/collage-requests HTTP/1.1" 201 602 "-" "PostmanRuntime/7.54.0"
[2026-06-20 00:51:29] INFO: MongoDB connected: localhost
[2026-06-20 00:51:29] INFO: Server is running in http://localhost:3000
[2026-06-20 00:51:32] INFO: MongoDB connected: localhost
[2026-06-20 00:51:32] INFO: Server is running in http://localhost:3000
[2026-06-20 00:51:34] INFO: MongoDB connected: localhost
[2026-06-20 00:51:34] INFO: Server is running in http://localhost:3000
[2026-06-20 00:51:37] INFO: MongoDB connected: localhost
[2026-06-20 00:51:37] INFO: Server is running in http://localhost:3000
[2026-06-20 00:52:00] INFO: MongoDB connected: localhost
[2026-06-20 00:52:00] INFO: Server is running in http://localhost:3000
[2026-06-20 00:52:48] INFO: MongoDB connected: localhost
[2026-06-20 00:52:48] INFO: Server is running in http://localhost:3000
[2026-06-20 01:04:11] INFO: MongoDB connected: localhost
[2026-06-20 01:04:11] INFO: Server is running in http://localhost:3000
[2026-06-20 01:12:35] INFO: MongoDB connected: localhost
[2026-06-20 01:12:35] INFO: Server is running in http://localhost:3000
[2026-06-20 01:14:17] INFO: MongoDB connected: localhost
[2026-06-20 01:14:17] INFO: Server is running in http://localhost:3000
[2026-06-20 01:14:24] INFO: MongoDB connected: localhost
[2026-06-20 01:14:24] INFO: Server is running in http://localhost:3000
[2026-06-20 01:14:33] INFO: MongoDB connected: localhost
[2026-06-20 01:14:33] INFO: Server is running on http://localhost:3000
[2026-06-20 01:17:45] INFO: MongoDB connected: localhost
[2026-06-20 01:17:45] INFO: Server is running on http://localhost:3000
